2019-12-18 22:48:21 [127.0.0.1][-][-][error][yii\web\HttpException:404] yii\base\InvalidRouteException: Unable to resolve the request: index/main-list in /Users/liuhongzhen2/gsws/myBlog/vendor/yiisoft/yii2/base/Controller.php:127
Stack trace:
#0 /Users/liuhongzhen2/gsws/myBlog/vendor/yiisoft/yii2/base/Module.php(523): yii\base\Controller->runAction('main-list', Array)
#1 /Users/liuhongzhen2/gsws/myBlog/vendor/yiisoft/yii2/web/Application.php(102): yii\base\Module->runAction('index/main-list', Array)
#2 /Users/liuhongzhen2/gsws/myBlog/vendor/yiisoft/yii2/base/Application.php(380): yii\web\Application->handleRequest(Object(yii\web\Request))
#3 /Users/liuhongzhen2/gsws/myBlog/api/web/index.php(19): yii\base\Application->run()
#4 {main}

Next yii\web\NotFoundHttpException: Page not found. in /Users/liuhongzhen2/gsws/myBlog/vendor/yiisoft/yii2/web/Application.php:114
Stack trace:
#0 /Users/liuhongzhen2/gsws/myBlog/vendor/yiisoft/yii2/base/Application.php(380): yii\web\Application->handleRequest(Object(yii\web\Request))
#1 /Users/liuhongzhen2/gsws/myBlog/api/web/index.php(19): yii\base\Application->run()
#2 {main}
2019-12-18 22:48:21 [127.0.0.1][-][-][info][application] $_SERVER = [
    'USER' => '_www'
    'HOME' => '/Library/WebServer'
    'HTTP_ACCEPT_LANGUAGE' => 'zh-CN,zh;q=0.9'
    'HTTP_ACCEPT_ENCODING' => 'gzip, deflate'
    'HTTP_ACCEPT' => 'text/html,application/xhtml+xml,application/xml;q=0.9,image/webp,image/apng,*/*;q=0.8,application/signed-exchange;v=b3;q=0.9'
    'HTTP_USER_AGENT' => 'Mozilla/5.0 (Macintosh; Intel Mac OS X 10_14_3) AppleWebKit/537.36 (KHTML, like Gecko) Chrome/79.0.3945.79 Safari/537.36'
    'HTTP_UPGRADE_INSECURE_REQUESTS' => '1'
    'HTTP_CACHE_CONTROL' => 'max-age=0'
    'HTTP_CONNECTION' => 'keep-alive'
    'HTTP_HOST' => 'lhz.api.myblog.com'
    'APPLICATION_ENV' => 'local'
    'SCRIPT_FILENAME' => '/Users/liuhongzhen2/gsws/myBlog/api/web/index.php'
    'REDIRECT_STATUS' => '200'
    'SERVER_NAME' => 'lhz.api.myblog.com'
    'SERVER_PORT' => '80'
    'SERVER_ADDR' => '127.0.0.1'
    'REMOTE_PORT' => '53425'
    'REMOTE_ADDR' => '127.0.0.1'
    'SERVER_SOFTWARE' => 'nginx/1.15.9'
    'GATEWAY_INTERFACE' => 'CGI/1.1'
    'REQUEST_SCHEME' => 'http'
    'SERVER_PROTOCOL' => 'HTTP/1.1'
    'DOCUMENT_ROOT' => '/Users/liuhongzhen2/gsws/myBlog/api/web'
    'DOCUMENT_URI' => '/index.php'
    'REQUEST_URI' => '/index/main-list'
    'SCRIPT_NAME' => '/index.php'
    'CONTENT_LENGTH' => ''
    'CONTENT_TYPE' => ''
    'REQUEST_METHOD' => 'GET'
    'QUERY_STRING' => ''
    'FCGI_ROLE' => 'RESPONDER'
    'PHP_SELF' => '/index.php'
    'REQUEST_TIME_FLOAT' => 1576680501.029
    'REQUEST_TIME' => 1576680501
]
2019-12-18 22:48:55 [127.0.0.1][-][-][error][yii\web\HttpException:404] yii\base\InvalidRouteException: Unable to resolve the request: index/main-list in /Users/liuhongzhen2/gsws/myBlog/vendor/yiisoft/yii2/base/Controller.php:127
Stack trace:
#0 /Users/liuhongzhen2/gsws/myBlog/vendor/yiisoft/yii2/base/Module.php(523): yii\base\Controller->runAction('main-list', Array)
#1 /Users/liuhongzhen2/gsws/myBlog/vendor/yiisoft/yii2/web/Application.php(102): yii\base\Module->runAction('index/main-list', Array)
#2 /Users/liuhongzhen2/gsws/myBlog/vendor/yiisoft/yii2/base/Application.php(380): yii\web\Application->handleRequest(Object(yii\web\Request))
#3 /Users/liuhongzhen2/gsws/myBlog/api/web/index.php(19): yii\base\Application->run()
#4 {main}

Next yii\web\NotFoundHttpException: Page not found. in /Users/liuhongzhen2/gsws/myBlog/vendor/yiisoft/yii2/web/Application.php:114
Stack trace:
#0 /Users/liuhongzhen2/gsws/myBlog/vendor/yiisoft/yii2/base/Application.php(380): yii\web\Application->handleRequest(Object(yii\web\Request))
#1 /Users/liuhongzhen2/gsws/myBlog/api/web/index.php(19): yii\base\Application->run()
#2 {main}
2019-12-18 22:48:55 [127.0.0.1][-][-][info][application] $_SERVER = [
    'USER' => '_www'
    'HOME' => '/Library/WebServer'
    'HTTP_ACCEPT_LANGUAGE' => 'zh-CN,zh;q=0.9'
    'HTTP_ACCEPT_ENCODING' => 'gzip, deflate'
    'HTTP_ACCEPT' => 'text/html,application/xhtml+xml,application/xml;q=0.9,image/webp,image/apng,*/*;q=0.8,application/signed-exchange;v=b3;q=0.9'
    'HTTP_USER_AGENT' => 'Mozilla/5.0 (Macintosh; Intel Mac OS X 10_14_3) AppleWebKit/537.36 (KHTML, like Gecko) Chrome/79.0.3945.79 Safari/537.36'
    'HTTP_UPGRADE_INSECURE_REQUESTS' => '1'
    'HTTP_CACHE_CONTROL' => 'max-age=0'
    'HTTP_CONNECTION' => 'keep-alive'
    'HTTP_HOST' => 'lhz.api.myblog.com'
    'APPLICATION_ENV' => 'local'
    'SCRIPT_FILENAME' => '/Users/liuhongzhen2/gsws/myBlog/api/web/index.php'
    'REDIRECT_STATUS' => '200'
    'SERVER_NAME' => 'lhz.api.myblog.com'
    'SERVER_PORT' => '80'
    'SERVER_ADDR' => '127.0.0.1'
    'REMOTE_PORT' => '53425'
    'REMOTE_ADDR' => '127.0.0.1'
    'SERVER_SOFTWARE' => 'nginx/1.15.9'
    'GATEWAY_INTERFACE' => 'CGI/1.1'
    'REQUEST_SCHEME' => 'http'
    'SERVER_PROTOCOL' => 'HTTP/1.1'
    'DOCUMENT_ROOT' => '/Users/liuhongzhen2/gsws/myBlog/api/web'
    'DOCUMENT_URI' => '/index.php'
    'REQUEST_URI' => '/index/main-list'
    'SCRIPT_NAME' => '/index.php'
    'CONTENT_LENGTH' => ''
    'CONTENT_TYPE' => ''
    'REQUEST_METHOD' => 'GET'
    'QUERY_STRING' => ''
    'FCGI_ROLE' => 'RESPONDER'
    'PHP_SELF' => '/index.php'
    'REQUEST_TIME_FLOAT' => 1576680535.1592
    'REQUEST_TIME' => 1576680535
]
2019-12-18 22:49:52 [127.0.0.1][-][-][error][yii\web\HttpException:404] yii\base\InvalidRouteException: Unable to resolve the request: index/send-message in /Users/liuhongzhen2/gsws/myBlog/vendor/yiisoft/yii2/base/Controller.php:127
Stack trace:
#0 /Users/liuhongzhen2/gsws/myBlog/vendor/yiisoft/yii2/base/Module.php(523): yii\base\Controller->runAction('send-message', Array)
#1 /Users/liuhongzhen2/gsws/myBlog/vendor/yiisoft/yii2/web/Application.php(102): yii\base\Module->runAction('index/send-mess...', Array)
#2 /Users/liuhongzhen2/gsws/myBlog/vendor/yiisoft/yii2/base/Application.php(380): yii\web\Application->handleRequest(Object(yii\web\Request))
#3 /Users/liuhongzhen2/gsws/myBlog/api/web/index.php(19): yii\base\Application->run()
#4 {main}

Next yii\web\NotFoundHttpException: Page not found. in /Users/liuhongzhen2/gsws/myBlog/vendor/yiisoft/yii2/web/Application.php:114
Stack trace:
#0 /Users/liuhongzhen2/gsws/myBlog/vendor/yiisoft/yii2/base/Application.php(380): yii\web\Application->handleRequest(Object(yii\web\Request))
#1 /Users/liuhongzhen2/gsws/myBlog/api/web/index.php(19): yii\base\Application->run()
#2 {main}
2019-12-18 22:49:52 [127.0.0.1][-][-][info][application] $_SERVER = [
    'USER' => '_www'
    'HOME' => '/Library/WebServer'
    'HTTP_ACCEPT_LANGUAGE' => 'zh-CN,zh;q=0.9'
    'HTTP_ACCEPT_ENCODING' => 'gzip, deflate'
    'HTTP_ACCEPT' => 'text/html,application/xhtml+xml,application/xml;q=0.9,image/webp,image/apng,*/*;q=0.8,application/signed-exchange;v=b3;q=0.9'
    'HTTP_USER_AGENT' => 'Mozilla/5.0 (Macintosh; Intel Mac OS X 10_14_3) AppleWebKit/537.36 (KHTML, like Gecko) Chrome/79.0.3945.79 Safari/537.36'
    'HTTP_UPGRADE_INSECURE_REQUESTS' => '1'
    'HTTP_CONNECTION' => 'keep-alive'
    'HTTP_HOST' => 'lhz.api.myblog.com'
    'APPLICATION_ENV' => 'local'
    'SCRIPT_FILENAME' => '/Users/liuhongzhen2/gsws/myBlog/api/web/index.php'
    'REDIRECT_STATUS' => '200'
    'SERVER_NAME' => 'lhz.api.myblog.com'
    'SERVER_PORT' => '80'
    'SERVER_ADDR' => '127.0.0.1'
    'REMOTE_PORT' => '53425'
    'REMOTE_ADDR' => '127.0.0.1'
    'SERVER_SOFTWARE' => 'nginx/1.15.9'
    'GATEWAY_INTERFACE' => 'CGI/1.1'
    'REQUEST_SCHEME' => 'http'
    'SERVER_PROTOCOL' => 'HTTP/1.1'
    'DOCUMENT_ROOT' => '/Users/liuhongzhen2/gsws/myBlog/api/web'
    'DOCUMENT_URI' => '/index.php'
    'REQUEST_URI' => '/index/send-message'
    'SCRIPT_NAME' => '/index.php'
    'CONTENT_LENGTH' => ''
    'CONTENT_TYPE' => ''
    'REQUEST_METHOD' => 'GET'
    'QUERY_STRING' => ''
    'FCGI_ROLE' => 'RESPONDER'
    'PHP_SELF' => '/index.php'
    'REQUEST_TIME_FLOAT' => 1576680592.4048
    'REQUEST_TIME' => 1576680592
]
2019-12-18 23:07:07 [127.0.0.1][-][-][error][yii\base\ErrorException:8] yii\base\ErrorException: Undefined offset: 0 in /Users/liuhongzhen2/gsws/myBlog/vendor/yiisoft/yii2/db/Command.php:330
Stack trace:
#0 /Users/liuhongzhen2/gsws/myBlog/vendor/yiisoft/yii2/db/Command.php(330): yii\base\ErrorHandler->handleError(8, 'Undefined offse...', '/Users/liuhongz...', 330, Array)
#1 /Users/liuhongzhen2/gsws/myBlog/vendor/yiisoft/yii2/db/Command.php(434): yii\db\Command->bindValues(Array)
#2 /Users/liuhongzhen2/gsws/myBlog/vendor/yiisoft/yii2/db/Schema.php(453): yii\db\Command->insert('t_release_info', Array)
#3 /Users/liuhongzhen2/gsws/myBlog/vendor/yiisoft/yii2/db/ActiveRecord.php(494): yii\db\Schema->insert('t_release_info', Array)
#4 /Users/liuhongzhen2/gsws/myBlog/vendor/yiisoft/yii2/db/ActiveRecord.php(461): yii\db\ActiveRecord->insertInternal(NULL)
#5 /Users/liuhongzhen2/gsws/myBlog/vendor/yiisoft/yii2/db/BaseActiveRecord.php(635): yii\db\ActiveRecord->insert(true, NULL)
#6 /Users/liuhongzhen2/gsws/myBlog/common/models/ReleaseInfo.php(69): yii\db\BaseActiveRecord->save()
#7 /Users/liuhongzhen2/gsws/myBlog/api/controllers/IndexController.php(52): app\common\models\ReleaseInfo::insertInfo(Array)
#8 [internal function]: app\api\controllers\IndexController->actionSendMessage()
#9 /Users/liuhongzhen2/gsws/myBlog/vendor/yiisoft/yii2/base/InlineAction.php(57): call_user_func_array(Array, Array)
#10 /Users/liuhongzhen2/gsws/myBlog/vendor/yiisoft/yii2/base/Controller.php(156): yii\base\InlineAction->runWithParams(Array)
#11 /Users/liuhongzhen2/gsws/myBlog/vendor/yiisoft/yii2/base/Module.php(523): yii\base\Controller->runAction('send-message', Array)
#12 /Users/liuhongzhen2/gsws/myBlog/vendor/yiisoft/yii2/web/Application.php(102): yii\base\Module->runAction('index/send-mess...', Array)
#13 /Users/liuhongzhen2/gsws/myBlog/vendor/yiisoft/yii2/base/Application.php(380): yii\web\Application->handleRequest(Object(yii\web\Request))
#14 /Users/liuhongzhen2/gsws/myBlog/api/web/index.php(19): yii\base\Application->run()
#15 {main}
2019-12-18 23:07:07 [127.0.0.1][-][-][info][application] $_GET = [
    'code' => '1001'
    'content' => '111111'
]

$_SERVER = [
    'USER' => '_www'
    'HOME' => '/Library/WebServer'
    'HTTP_ACCEPT_LANGUAGE' => 'zh-CN,zh;q=0.9'
    'HTTP_ACCEPT_ENCODING' => 'gzip, deflate'
    'HTTP_ACCEPT' => 'text/html,application/xhtml+xml,application/xml;q=0.9,image/webp,image/apng,*/*;q=0.8,application/signed-exchange;v=b3;q=0.9'
    'HTTP_USER_AGENT' => 'Mozilla/5.0 (Macintosh; Intel Mac OS X 10_14_3) AppleWebKit/537.36 (KHTML, like Gecko) Chrome/79.0.3945.79 Safari/537.36'
    'HTTP_UPGRADE_INSECURE_REQUESTS' => '1'
    'HTTP_CONNECTION' => 'keep-alive'
    'HTTP_HOST' => 'lhz.api.myblog.com'
    'APPLICATION_ENV' => 'local'
    'SCRIPT_FILENAME' => '/Users/liuhongzhen2/gsws/myBlog/api/web/index.php'
    'REDIRECT_STATUS' => '200'
    'SERVER_NAME' => 'lhz.api.myblog.com'
    'SERVER_PORT' => '80'
    'SERVER_ADDR' => '127.0.0.1'
    'REMOTE_PORT' => '53552'
    'REMOTE_ADDR' => '127.0.0.1'
    'SERVER_SOFTWARE' => 'nginx/1.15.9'
    'GATEWAY_INTERFACE' => 'CGI/1.1'
    'REQUEST_SCHEME' => 'http'
    'SERVER_PROTOCOL' => 'HTTP/1.1'
    'DOCUMENT_ROOT' => '/Users/liuhongzhen2/gsws/myBlog/api/web'
    'DOCUMENT_URI' => '/index.php'
    'REQUEST_URI' => '/index/send-message?code=1001&content=111111'
    'SCRIPT_NAME' => '/index.php'
    'CONTENT_LENGTH' => ''
    'CONTENT_TYPE' => ''
    'REQUEST_METHOD' => 'GET'
    'QUERY_STRING' => 'code=1001&content=111111'
    'FCGI_ROLE' => 'RESPONDER'
    'PHP_SELF' => '/index.php'
    'REQUEST_TIME_FLOAT' => 1576681627.1693
    'REQUEST_TIME' => 1576681627
]
2019-12-19 15:42:44 [127.0.0.1][-][-][error][yii\db\Exception] PDOException: SQLSTATE[42S22]: Column not found: 1054 Unknown column '42XHW' in 'where clause' in /Users/liuhongzhen2/gsws/myBlog/vendor/yiisoft/yii2/db/Command.php:902
Stack trace:
#0 /Users/liuhongzhen2/gsws/myBlog/vendor/yiisoft/yii2/db/Command.php(902): PDOStatement->execute()
#1 /Users/liuhongzhen2/gsws/myBlog/vendor/yiisoft/yii2/db/Command.php(376): yii\db\Command->queryInternal('fetch', NULL)
#2 /Users/liuhongzhen2/gsws/myBlog/vendor/yiisoft/yii2/db/Query.php(253): yii\db\Command->queryOne()
#3 /Users/liuhongzhen2/gsws/myBlog/vendor/yiisoft/yii2/db/ActiveQuery.php(295): yii\db\Query->one(NULL)
#4 /Users/liuhongzhen2/gsws/myBlog/common/models/StickyCode.php(27): yii\db\ActiveQuery->one()
#5 /Users/liuhongzhen2/gsws/myBlog/api/controllers/IndexController.php(57): app\common\models\StickyCode::getWeightByCode('42XHW')
#6 [internal function]: app\api\controllers\IndexController->actionSendMessage()
#7 /Users/liuhongzhen2/gsws/myBlog/vendor/yiisoft/yii2/base/InlineAction.php(57): call_user_func_array(Array, Array)
#8 /Users/liuhongzhen2/gsws/myBlog/vendor/yiisoft/yii2/base/Controller.php(156): yii\base\InlineAction->runWithParams(Array)
#9 /Users/liuhongzhen2/gsws/myBlog/vendor/yiisoft/yii2/base/Module.php(523): yii\base\Controller->runAction('send-message', Array)
#10 /Users/liuhongzhen2/gsws/myBlog/vendor/yiisoft/yii2/web/Application.php(102): yii\base\Module->runAction('index/send-mess...', Array)
#11 /Users/liuhongzhen2/gsws/myBlog/vendor/yiisoft/yii2/base/Application.php(380): yii\web\Application->handleRequest(Object(yii\web\Request))
#12 /Users/liuhongzhen2/gsws/myBlog/api/web/index.php(19): yii\base\Application->run()
#13 {main}

Next yii\db\Exception: SQLSTATE[42S22]: Column not found: 1054 Unknown column '42XHW' in 'where clause'
The SQL being executed was: SELECT `weight`, `valid_time`, `created` FROM `t_sticky_code` WHERE (isDelete=0) AND (code=42XHW) in /Users/liuhongzhen2/gsws/myBlog/vendor/yiisoft/yii2/db/Schema.php:636
Stack trace:
#0 /Users/liuhongzhen2/gsws/myBlog/vendor/yiisoft/yii2/db/Command.php(917): yii\db\Schema->convertException(Object(PDOException), 'SELECT `weight`...')
#1 /Users/liuhongzhen2/gsws/myBlog/vendor/yiisoft/yii2/db/Command.php(376): yii\db\Command->queryInternal('fetch', NULL)
#2 /Users/liuhongzhen2/gsws/myBlog/vendor/yiisoft/yii2/db/Query.php(253): yii\db\Command->queryOne()
#3 /Users/liuhongzhen2/gsws/myBlog/vendor/yiisoft/yii2/db/ActiveQuery.php(295): yii\db\Query->one(NULL)
#4 /Users/liuhongzhen2/gsws/myBlog/common/models/StickyCode.php(27): yii\db\ActiveQuery->one()
#5 /Users/liuhongzhen2/gsws/myBlog/api/controllers/IndexController.php(57): app\common\models\StickyCode::getWeightByCode('42XHW')
#6 [internal function]: app\api\controllers\IndexController->actionSendMessage()
#7 /Users/liuhongzhen2/gsws/myBlog/vendor/yiisoft/yii2/base/InlineAction.php(57): call_user_func_array(Array, Array)
#8 /Users/liuhongzhen2/gsws/myBlog/vendor/yiisoft/yii2/base/Controller.php(156): yii\base\InlineAction->runWithParams(Array)
#9 /Users/liuhongzhen2/gsws/myBlog/vendor/yiisoft/yii2/base/Module.php(523): yii\base\Controller->runAction('send-message', Array)
#10 /Users/liuhongzhen2/gsws/myBlog/vendor/yiisoft/yii2/web/Application.php(102): yii\base\Module->runAction('index/send-mess...', Array)
#11 /Users/liuhongzhen2/gsws/myBlog/vendor/yiisoft/yii2/base/Application.php(380): yii\web\Application->handleRequest(Object(yii\web\Request))
#12 /Users/liuhongzhen2/gsws/myBlog/api/web/index.php(19): yii\base\Application->run()
#13 {main}
Additional Information:
Array
(
    [0] => 42S22
    [1] => 1054
    [2] => Unknown column '42XHW' in 'where clause'
)

2019-12-19 15:42:44 [127.0.0.1][-][-][info][application] $_GET = [
    'code' => '42XHW'
    'content' => '111112'
]

$_SERVER = [
    'USER' => '_www'
    'HOME' => '/Library/WebServer'
    'HTTP_ACCEPT_LANGUAGE' => 'zh-CN,zh;q=0.9'
    'HTTP_ACCEPT_ENCODING' => 'gzip, deflate'
    'HTTP_ACCEPT' => 'text/html,application/xhtml+xml,application/xml;q=0.9,image/webp,image/apng,*/*;q=0.8,application/signed-exchange;v=b3;q=0.9'
    'HTTP_USER_AGENT' => 'Mozilla/5.0 (Macintosh; Intel Mac OS X 10_14_3) AppleWebKit/537.36 (KHTML, like Gecko) Chrome/79.0.3945.79 Safari/537.36'
    'HTTP_UPGRADE_INSECURE_REQUESTS' => '1'
    'HTTP_CONNECTION' => 'keep-alive'
    'HTTP_HOST' => 'lhz.api.myblog.com'
    'APPLICATION_ENV' => 'local'
    'SCRIPT_FILENAME' => '/Users/liuhongzhen2/gsws/myBlog/api/web/index.php'
    'REDIRECT_STATUS' => '200'
    'SERVER_NAME' => 'lhz.api.myblog.com'
    'SERVER_PORT' => '80'
    'SERVER_ADDR' => '127.0.0.1'
    'REMOTE_PORT' => '64980'
    'REMOTE_ADDR' => '127.0.0.1'
    'SERVER_SOFTWARE' => 'nginx/1.15.9'
    'GATEWAY_INTERFACE' => 'CGI/1.1'
    'REQUEST_SCHEME' => 'http'
    'SERVER_PROTOCOL' => 'HTTP/1.1'
    'DOCUMENT_ROOT' => '/Users/liuhongzhen2/gsws/myBlog/api/web'
    'DOCUMENT_URI' => '/index.php'
    'REQUEST_URI' => '/index/send-message?code=42XHW&content=111112'
    'SCRIPT_NAME' => '/index.php'
    'CONTENT_LENGTH' => ''
    'CONTENT_TYPE' => ''
    'REQUEST_METHOD' => 'GET'
    'QUERY_STRING' => 'code=42XHW&content=111112'
    'FCGI_ROLE' => 'RESPONDER'
    'PHP_SELF' => '/index.php'
    'REQUEST_TIME_FLOAT' => 1576741364.2602
    'REQUEST_TIME' => 1576741364
]
2019-12-19 15:43:48 [127.0.0.1][-][-][error][yii\db\Exception] PDOException: SQLSTATE[22003]: Numeric value out of range: 1264 Out of range value for column 'valid_time' at row 1 in /Users/liuhongzhen2/gsws/myBlog/vendor/yiisoft/yii2/db/Command.php:846
Stack trace:
#0 /Users/liuhongzhen2/gsws/myBlog/vendor/yiisoft/yii2/db/Command.php(846): PDOStatement->execute()
#1 /Users/liuhongzhen2/gsws/myBlog/vendor/yiisoft/yii2/db/Schema.php(454): yii\db\Command->execute()
#2 /Users/liuhongzhen2/gsws/myBlog/vendor/yiisoft/yii2/db/ActiveRecord.php(494): yii\db\Schema->insert('t_release_info', Array)
#3 /Users/liuhongzhen2/gsws/myBlog/vendor/yiisoft/yii2/db/ActiveRecord.php(461): yii\db\ActiveRecord->insertInternal(NULL)
#4 /Users/liuhongzhen2/gsws/myBlog/vendor/yiisoft/yii2/db/BaseActiveRecord.php(635): yii\db\ActiveRecord->insert(true, NULL)
#5 /Users/liuhongzhen2/gsws/myBlog/common/models/ReleaseInfo.php(74): yii\db\BaseActiveRecord->save()
#6 /Users/liuhongzhen2/gsws/myBlog/api/controllers/IndexController.php(65): app\common\models\ReleaseInfo::insertInfo(Array, '1576817002')
#7 [internal function]: app\api\controllers\IndexController->actionSendMessage()
#8 /Users/liuhongzhen2/gsws/myBlog/vendor/yiisoft/yii2/base/InlineAction.php(57): call_user_func_array(Array, Array)
#9 /Users/liuhongzhen2/gsws/myBlog/vendor/yiisoft/yii2/base/Controller.php(156): yii\base\InlineAction->runWithParams(Array)
#10 /Users/liuhongzhen2/gsws/myBlog/vendor/yiisoft/yii2/base/Module.php(523): yii\base\Controller->runAction('send-message', Array)
#11 /Users/liuhongzhen2/gsws/myBlog/vendor/yiisoft/yii2/web/Application.php(102): yii\base\Module->runAction('index/send-mess...', Array)
#12 /Users/liuhongzhen2/gsws/myBlog/vendor/yiisoft/yii2/base/Application.php(380): yii\web\Application->handleRequest(Object(yii\web\Request))
#13 /Users/liuhongzhen2/gsws/myBlog/api/web/index.php(19): yii\base\Application->run()
#14 {main}

Next yii\db\Exception: SQLSTATE[22003]: Numeric value out of range: 1264 Out of range value for column 'valid_time' at row 1
The SQL being executed was: INSERT INTO `t_release_info` (`content`, `weight`, `top`, `valid_time`, `created`, `updated`) VALUES ('111112', 20, 0, 3153558430, 1576741428, 1576741428) in /Users/liuhongzhen2/gsws/myBlog/vendor/yiisoft/yii2/db/Schema.php:636
Stack trace:
#0 /Users/liuhongzhen2/gsws/myBlog/vendor/yiisoft/yii2/db/Command.php(856): yii\db\Schema->convertException(Object(PDOException), 'INSERT INTO `t_...')
#1 /Users/liuhongzhen2/gsws/myBlog/vendor/yiisoft/yii2/db/Schema.php(454): yii\db\Command->execute()
#2 /Users/liuhongzhen2/gsws/myBlog/vendor/yiisoft/yii2/db/ActiveRecord.php(494): yii\db\Schema->insert('t_release_info', Array)
#3 /Users/liuhongzhen2/gsws/myBlog/vendor/yiisoft/yii2/db/ActiveRecord.php(461): yii\db\ActiveRecord->insertInternal(NULL)
#4 /Users/liuhongzhen2/gsws/myBlog/vendor/yiisoft/yii2/db/BaseActiveRecord.php(635): yii\db\ActiveRecord->insert(true, NULL)
#5 /Users/liuhongzhen2/gsws/myBlog/common/models/ReleaseInfo.php(74): yii\db\BaseActiveRecord->save()
#6 /Users/liuhongzhen2/gsws/myBlog/api/controllers/IndexController.php(65): app\common\models\ReleaseInfo::insertInfo(Array, '1576817002')
#7 [internal function]: app\api\controllers\IndexController->actionSendMessage()
#8 /Users/liuhongzhen2/gsws/myBlog/vendor/yiisoft/yii2/base/InlineAction.php(57): call_user_func_array(Array, Array)
#9 /Users/liuhongzhen2/gsws/myBlog/vendor/yiisoft/yii2/base/Controller.php(156): yii\base\InlineAction->runWithParams(Array)
#10 /Users/liuhongzhen2/gsws/myBlog/vendor/yiisoft/yii2/base/Module.php(523): yii\base\Controller->runAction('send-message', Array)
#11 /Users/liuhongzhen2/gsws/myBlog/vendor/yiisoft/yii2/web/Application.php(102): yii\base\Module->runAction('index/send-mess...', Array)
#12 /Users/liuhongzhen2/gsws/myBlog/vendor/yiisoft/yii2/base/Application.php(380): yii\web\Application->handleRequest(Object(yii\web\Request))
#13 /Users/liuhongzhen2/gsws/myBlog/api/web/index.php(19): yii\base\Application->run()
#14 {main}
Additional Information:
Array
(
    [0] => 22003
    [1] => 1264
    [2] => Out of range value for column 'valid_time' at row 1
)

2019-12-19 15:43:48 [127.0.0.1][-][-][info][application] $_GET = [
    'code' => '42XHW'
    'content' => '111112'
]

$_SERVER = [
    'USER' => '_www'
    'HOME' => '/Library/WebServer'
    'HTTP_ACCEPT_LANGUAGE' => 'zh-CN,zh;q=0.9'
    'HTTP_ACCEPT_ENCODING' => 'gzip, deflate'
    'HTTP_ACCEPT' => 'text/html,application/xhtml+xml,application/xml;q=0.9,image/webp,image/apng,*/*;q=0.8,application/signed-exchange;v=b3;q=0.9'
    'HTTP_USER_AGENT' => 'Mozilla/5.0 (Macintosh; Intel Mac OS X 10_14_3) AppleWebKit/537.36 (KHTML, like Gecko) Chrome/79.0.3945.79 Safari/537.36'
    'HTTP_UPGRADE_INSECURE_REQUESTS' => '1'
    'HTTP_CACHE_CONTROL' => 'max-age=0'
    'HTTP_CONNECTION' => 'keep-alive'
    'HTTP_HOST' => 'lhz.api.myblog.com'
    'APPLICATION_ENV' => 'local'
    'SCRIPT_FILENAME' => '/Users/liuhongzhen2/gsws/myBlog/api/web/index.php'
    'REDIRECT_STATUS' => '200'
    'SERVER_NAME' => 'lhz.api.myblog.com'
    'SERVER_PORT' => '80'
    'SERVER_ADDR' => '127.0.0.1'
    'REMOTE_PORT' => '64980'
    'REMOTE_ADDR' => '127.0.0.1'
    'SERVER_SOFTWARE' => 'nginx/1.15.9'
    'GATEWAY_INTERFACE' => 'CGI/1.1'
    'REQUEST_SCHEME' => 'http'
    'SERVER_PROTOCOL' => 'HTTP/1.1'
    'DOCUMENT_ROOT' => '/Users/liuhongzhen2/gsws/myBlog/api/web'
    'DOCUMENT_URI' => '/index.php'
    'REQUEST_URI' => '/index/send-message?code=42XHW&content=111112'
    'SCRIPT_NAME' => '/index.php'
    'CONTENT_LENGTH' => ''
    'CONTENT_TYPE' => ''
    'REQUEST_METHOD' => 'GET'
    'QUERY_STRING' => 'code=42XHW&content=111112'
    'FCGI_ROLE' => 'RESPONDER'
    'PHP_SELF' => '/index.php'
    'REQUEST_TIME_FLOAT' => 1576741428.1056
    'REQUEST_TIME' => 1576741428
]
2019-12-19 15:43:50 [127.0.0.1][-][-][error][yii\db\Exception] PDOException: SQLSTATE[22003]: Numeric value out of range: 1264 Out of range value for column 'valid_time' at row 1 in /Users/liuhongzhen2/gsws/myBlog/vendor/yiisoft/yii2/db/Command.php:846
Stack trace:
#0 /Users/liuhongzhen2/gsws/myBlog/vendor/yiisoft/yii2/db/Command.php(846): PDOStatement->execute()
#1 /Users/liuhongzhen2/gsws/myBlog/vendor/yiisoft/yii2/db/Schema.php(454): yii\db\Command->execute()
#2 /Users/liuhongzhen2/gsws/myBlog/vendor/yiisoft/yii2/db/ActiveRecord.php(494): yii\db\Schema->insert('t_release_info', Array)
#3 /Users/liuhongzhen2/gsws/myBlog/vendor/yiisoft/yii2/db/ActiveRecord.php(461): yii\db\ActiveRecord->insertInternal(NULL)
#4 /Users/liuhongzhen2/gsws/myBlog/vendor/yiisoft/yii2/db/BaseActiveRecord.php(635): yii\db\ActiveRecord->insert(true, NULL)
#5 /Users/liuhongzhen2/gsws/myBlog/common/models/ReleaseInfo.php(74): yii\db\BaseActiveRecord->save()
#6 /Users/liuhongzhen2/gsws/myBlog/api/controllers/IndexController.php(65): app\common\models\ReleaseInfo::insertInfo(Array, '1576817002')
#7 [internal function]: app\api\controllers\IndexController->actionSendMessage()
#8 /Users/liuhongzhen2/gsws/myBlog/vendor/yiisoft/yii2/base/InlineAction.php(57): call_user_func_array(Array, Array)
#9 /Users/liuhongzhen2/gsws/myBlog/vendor/yiisoft/yii2/base/Controller.php(156): yii\base\InlineAction->runWithParams(Array)
#10 /Users/liuhongzhen2/gsws/myBlog/vendor/yiisoft/yii2/base/Module.php(523): yii\base\Controller->runAction('send-message', Array)
#11 /Users/liuhongzhen2/gsws/myBlog/vendor/yiisoft/yii2/web/Application.php(102): yii\base\Module->runAction('index/send-mess...', Array)
#12 /Users/liuhongzhen2/gsws/myBlog/vendor/yiisoft/yii2/base/Application.php(380): yii\web\Application->handleRequest(Object(yii\web\Request))
#13 /Users/liuhongzhen2/gsws/myBlog/api/web/index.php(19): yii\base\Application->run()
#14 {main}

Next yii\db\Exception: SQLSTATE[22003]: Numeric value out of range: 1264 Out of range value for column 'valid_time' at row 1
The SQL being executed was: INSERT INTO `t_release_info` (`content`, `weight`, `top`, `valid_time`, `created`, `updated`) VALUES ('111112', 20, 0, 3153558432, 1576741430, 1576741430) in /Users/liuhongzhen2/gsws/myBlog/vendor/yiisoft/yii2/db/Schema.php:636
Stack trace:
#0 /Users/liuhongzhen2/gsws/myBlog/vendor/yiisoft/yii2/db/Command.php(856): yii\db\Schema->convertException(Object(PDOException), 'INSERT INTO `t_...')
#1 /Users/liuhongzhen2/gsws/myBlog/vendor/yiisoft/yii2/db/Schema.php(454): yii\db\Command->execute()
#2 /Users/liuhongzhen2/gsws/myBlog/vendor/yiisoft/yii2/db/ActiveRecord.php(494): yii\db\Schema->insert('t_release_info', Array)
#3 /Users/liuhongzhen2/gsws/myBlog/vendor/yiisoft/yii2/db/ActiveRecord.php(461): yii\db\ActiveRecord->insertInternal(NULL)
#4 /Users/liuhongzhen2/gsws/myBlog/vendor/yiisoft/yii2/db/BaseActiveRecord.php(635): yii\db\ActiveRecord->insert(true, NULL)
#5 /Users/liuhongzhen2/gsws/myBlog/common/models/ReleaseInfo.php(74): yii\db\BaseActiveRecord->save()
#6 /Users/liuhongzhen2/gsws/myBlog/api/controllers/IndexController.php(65): app\common\models\ReleaseInfo::insertInfo(Array, '1576817002')
#7 [internal function]: app\api\controllers\IndexController->actionSendMessage()
#8 /Users/liuhongzhen2/gsws/myBlog/vendor/yiisoft/yii2/base/InlineAction.php(57): call_user_func_array(Array, Array)
#9 /Users/liuhongzhen2/gsws/myBlog/vendor/yiisoft/yii2/base/Controller.php(156): yii\base\InlineAction->runWithParams(Array)
#10 /Users/liuhongzhen2/gsws/myBlog/vendor/yiisoft/yii2/base/Module.php(523): yii\base\Controller->runAction('send-message', Array)
#11 /Users/liuhongzhen2/gsws/myBlog/vendor/yiisoft/yii2/web/Application.php(102): yii\base\Module->runAction('index/send-mess...', Array)
#12 /Users/liuhongzhen2/gsws/myBlog/vendor/yiisoft/yii2/base/Application.php(380): yii\web\Application->handleRequest(Object(yii\web\Request))
#13 /Users/liuhongzhen2/gsws/myBlog/api/web/index.php(19): yii\base\Application->run()
#14 {main}
Additional Information:
Array
(
    [0] => 22003
    [1] => 1264
    [2] => Out of range value for column 'valid_time' at row 1
)

2019-12-19 15:43:50 [127.0.0.1][-][-][info][application] $_GET = [
    'code' => '42XHW'
    'content' => '111112'
]

$_SERVER = [
    'USER' => '_www'
    'HOME' => '/Library/WebServer'
    'HTTP_ACCEPT_LANGUAGE' => 'zh-CN,zh;q=0.9'
    'HTTP_ACCEPT_ENCODING' => 'gzip, deflate'
    'HTTP_ACCEPT' => 'text/html,application/xhtml+xml,application/xml;q=0.9,image/webp,image/apng,*/*;q=0.8,application/signed-exchange;v=b3;q=0.9'
    'HTTP_USER_AGENT' => 'Mozilla/5.0 (Macintosh; Intel Mac OS X 10_14_3) AppleWebKit/537.36 (KHTML, like Gecko) Chrome/79.0.3945.79 Safari/537.36'
    'HTTP_UPGRADE_INSECURE_REQUESTS' => '1'
    'HTTP_CACHE_CONTROL' => 'max-age=0'
    'HTTP_CONNECTION' => 'keep-alive'
    'HTTP_HOST' => 'lhz.api.myblog.com'
    'APPLICATION_ENV' => 'local'
    'SCRIPT_FILENAME' => '/Users/liuhongzhen2/gsws/myBlog/api/web/index.php'
    'REDIRECT_STATUS' => '200'
    'SERVER_NAME' => 'lhz.api.myblog.com'
    'SERVER_PORT' => '80'
    'SERVER_ADDR' => '127.0.0.1'
    'REMOTE_PORT' => '64980'
    'REMOTE_ADDR' => '127.0.0.1'
    'SERVER_SOFTWARE' => 'nginx/1.15.9'
    'GATEWAY_INTERFACE' => 'CGI/1.1'
    'REQUEST_SCHEME' => 'http'
    'SERVER_PROTOCOL' => 'HTTP/1.1'
    'DOCUMENT_ROOT' => '/Users/liuhongzhen2/gsws/myBlog/api/web'
    'DOCUMENT_URI' => '/index.php'
    'REQUEST_URI' => '/index/send-message?code=42XHW&content=111112'
    'SCRIPT_NAME' => '/index.php'
    'CONTENT_LENGTH' => ''
    'CONTENT_TYPE' => ''
    'REQUEST_METHOD' => 'GET'
    'QUERY_STRING' => 'code=42XHW&content=111112'
    'FCGI_ROLE' => 'RESPONDER'
    'PHP_SELF' => '/index.php'
    'REQUEST_TIME_FLOAT' => 1576741430.2753
    'REQUEST_TIME' => 1576741430
]
2019-12-19 15:44:30 [127.0.0.1][-][-][error][yii\db\Exception] PDOException: SQLSTATE[22003]: Numeric value out of range: 1264 Out of range value for column 'valid_time' at row 1 in /Users/liuhongzhen2/gsws/myBlog/vendor/yiisoft/yii2/db/Command.php:846
Stack trace:
#0 /Users/liuhongzhen2/gsws/myBlog/vendor/yiisoft/yii2/db/Command.php(846): PDOStatement->execute()
#1 /Users/liuhongzhen2/gsws/myBlog/vendor/yiisoft/yii2/db/Schema.php(454): yii\db\Command->execute()
#2 /Users/liuhongzhen2/gsws/myBlog/vendor/yiisoft/yii2/db/ActiveRecord.php(494): yii\db\Schema->insert('t_release_info', Array)
#3 /Users/liuhongzhen2/gsws/myBlog/vendor/yiisoft/yii2/db/ActiveRecord.php(461): yii\db\ActiveRecord->insertInternal(NULL)
#4 /Users/liuhongzhen2/gsws/myBlog/vendor/yiisoft/yii2/db/BaseActiveRecord.php(635): yii\db\ActiveRecord->insert(true, NULL)
#5 /Users/liuhongzhen2/gsws/myBlog/common/models/ReleaseInfo.php(74): yii\db\BaseActiveRecord->save()
#6 /Users/liuhongzhen2/gsws/myBlog/api/controllers/IndexController.php(65): app\common\models\ReleaseInfo::insertInfo(Array, '1576817002')
#7 [internal function]: app\api\controllers\IndexController->actionSendMessage()
#8 /Users/liuhongzhen2/gsws/myBlog/vendor/yiisoft/yii2/base/InlineAction.php(57): call_user_func_array(Array, Array)
#9 /Users/liuhongzhen2/gsws/myBlog/vendor/yiisoft/yii2/base/Controller.php(156): yii\base\InlineAction->runWithParams(Array)
#10 /Users/liuhongzhen2/gsws/myBlog/vendor/yiisoft/yii2/base/Module.php(523): yii\base\Controller->runAction('send-message', Array)
#11 /Users/liuhongzhen2/gsws/myBlog/vendor/yiisoft/yii2/web/Application.php(102): yii\base\Module->runAction('index/send-mess...', Array)
#12 /Users/liuhongzhen2/gsws/myBlog/vendor/yiisoft/yii2/base/Application.php(380): yii\web\Application->handleRequest(Object(yii\web\Request))
#13 /Users/liuhongzhen2/gsws/myBlog/api/web/index.php(19): yii\base\Application->run()
#14 {main}

Next yii\db\Exception: SQLSTATE[22003]: Numeric value out of range: 1264 Out of range value for column 'valid_time' at row 1
The SQL being executed was: INSERT INTO `t_release_info` (`content`, `weight`, `top`, `valid_time`, `created`, `updated`) VALUES ('111112', 20, 0, 3153558472, 1576741470, 1576741470) in /Users/liuhongzhen2/gsws/myBlog/vendor/yiisoft/yii2/db/Schema.php:636
Stack trace:
#0 /Users/liuhongzhen2/gsws/myBlog/vendor/yiisoft/yii2/db/Command.php(856): yii\db\Schema->convertException(Object(PDOException), 'INSERT INTO `t_...')
#1 /Users/liuhongzhen2/gsws/myBlog/vendor/yiisoft/yii2/db/Schema.php(454): yii\db\Command->execute()
#2 /Users/liuhongzhen2/gsws/myBlog/vendor/yiisoft/yii2/db/ActiveRecord.php(494): yii\db\Schema->insert('t_release_info', Array)
#3 /Users/liuhongzhen2/gsws/myBlog/vendor/yiisoft/yii2/db/ActiveRecord.php(461): yii\db\ActiveRecord->insertInternal(NULL)
#4 /Users/liuhongzhen2/gsws/myBlog/vendor/yiisoft/yii2/db/BaseActiveRecord.php(635): yii\db\ActiveRecord->insert(true, NULL)
#5 /Users/liuhongzhen2/gsws/myBlog/common/models/ReleaseInfo.php(74): yii\db\BaseActiveRecord->save()
#6 /Users/liuhongzhen2/gsws/myBlog/api/controllers/IndexController.php(65): app\common\models\ReleaseInfo::insertInfo(Array, '1576817002')
#7 [internal function]: app\api\controllers\IndexController->actionSendMessage()
#8 /Users/liuhongzhen2/gsws/myBlog/vendor/yiisoft/yii2/base/InlineAction.php(57): call_user_func_array(Array, Array)
#9 /Users/liuhongzhen2/gsws/myBlog/vendor/yiisoft/yii2/base/Controller.php(156): yii\base\InlineAction->runWithParams(Array)
#10 /Users/liuhongzhen2/gsws/myBlog/vendor/yiisoft/yii2/base/Module.php(523): yii\base\Controller->runAction('send-message', Array)
#11 /Users/liuhongzhen2/gsws/myBlog/vendor/yiisoft/yii2/web/Application.php(102): yii\base\Module->runAction('index/send-mess...', Array)
#12 /Users/liuhongzhen2/gsws/myBlog/vendor/yiisoft/yii2/base/Application.php(380): yii\web\Application->handleRequest(Object(yii\web\Request))
#13 /Users/liuhongzhen2/gsws/myBlog/api/web/index.php(19): yii\base\Application->run()
#14 {main}
Additional Information:
Array
(
    [0] => 22003
    [1] => 1264
    [2] => Out of range value for column 'valid_time' at row 1
)

2019-12-19 15:44:30 [127.0.0.1][-][-][info][application] $_GET = [
    'code' => '42XHW'
    'content' => '111112'
]

$_SERVER = [
    'USER' => '_www'
    'HOME' => '/Library/WebServer'
    'HTTP_ACCEPT_LANGUAGE' => 'zh-CN,zh;q=0.9'
    'HTTP_ACCEPT_ENCODING' => 'gzip, deflate'
    'HTTP_ACCEPT' => 'text/html,application/xhtml+xml,application/xml;q=0.9,image/webp,image/apng,*/*;q=0.8,application/signed-exchange;v=b3;q=0.9'
    'HTTP_USER_AGENT' => 'Mozilla/5.0 (Macintosh; Intel Mac OS X 10_14_3) AppleWebKit/537.36 (KHTML, like Gecko) Chrome/79.0.3945.79 Safari/537.36'
    'HTTP_UPGRADE_INSECURE_REQUESTS' => '1'
    'HTTP_CACHE_CONTROL' => 'max-age=0'
    'HTTP_CONNECTION' => 'keep-alive'
    'HTTP_HOST' => 'lhz.api.myblog.com'
    'APPLICATION_ENV' => 'local'
    'SCRIPT_FILENAME' => '/Users/liuhongzhen2/gsws/myBlog/api/web/index.php'
    'REDIRECT_STATUS' => '200'
    'SERVER_NAME' => 'lhz.api.myblog.com'
    'SERVER_PORT' => '80'
    'SERVER_ADDR' => '127.0.0.1'
    'REMOTE_PORT' => '64980'
    'REMOTE_ADDR' => '127.0.0.1'
    'SERVER_SOFTWARE' => 'nginx/1.15.9'
    'GATEWAY_INTERFACE' => 'CGI/1.1'
    'REQUEST_SCHEME' => 'http'
    'SERVER_PROTOCOL' => 'HTTP/1.1'
    'DOCUMENT_ROOT' => '/Users/liuhongzhen2/gsws/myBlog/api/web'
    'DOCUMENT_URI' => '/index.php'
    'REQUEST_URI' => '/index/send-message?code=42XHW&content=111112'
    'SCRIPT_NAME' => '/index.php'
    'CONTENT_LENGTH' => ''
    'CONTENT_TYPE' => ''
    'REQUEST_METHOD' => 'GET'
    'QUERY_STRING' => 'code=42XHW&content=111112'
    'FCGI_ROLE' => 'RESPONDER'
    'PHP_SELF' => '/index.php'
    'REQUEST_TIME_FLOAT' => 1576741470.1758
    'REQUEST_TIME' => 1576741470
]
2019-12-19 15:44:31 [127.0.0.1][-][-][error][yii\db\Exception] PDOException: SQLSTATE[22003]: Numeric value out of range: 1264 Out of range value for column 'valid_time' at row 1 in /Users/liuhongzhen2/gsws/myBlog/vendor/yiisoft/yii2/db/Command.php:846
Stack trace:
#0 /Users/liuhongzhen2/gsws/myBlog/vendor/yiisoft/yii2/db/Command.php(846): PDOStatement->execute()
#1 /Users/liuhongzhen2/gsws/myBlog/vendor/yiisoft/yii2/db/Schema.php(454): yii\db\Command->execute()
#2 /Users/liuhongzhen2/gsws/myBlog/vendor/yiisoft/yii2/db/ActiveRecord.php(494): yii\db\Schema->insert('t_release_info', Array)
#3 /Users/liuhongzhen2/gsws/myBlog/vendor/yiisoft/yii2/db/ActiveRecord.php(461): yii\db\ActiveRecord->insertInternal(NULL)
#4 /Users/liuhongzhen2/gsws/myBlog/vendor/yiisoft/yii2/db/BaseActiveRecord.php(635): yii\db\ActiveRecord->insert(true, NULL)
#5 /Users/liuhongzhen2/gsws/myBlog/common/models/ReleaseInfo.php(74): yii\db\BaseActiveRecord->save()
#6 /Users/liuhongzhen2/gsws/myBlog/api/controllers/IndexController.php(65): app\common\models\ReleaseInfo::insertInfo(Array, '1576817002')
#7 [internal function]: app\api\controllers\IndexController->actionSendMessage()
#8 /Users/liuhongzhen2/gsws/myBlog/vendor/yiisoft/yii2/base/InlineAction.php(57): call_user_func_array(Array, Array)
#9 /Users/liuhongzhen2/gsws/myBlog/vendor/yiisoft/yii2/base/Controller.php(156): yii\base\InlineAction->runWithParams(Array)
#10 /Users/liuhongzhen2/gsws/myBlog/vendor/yiisoft/yii2/base/Module.php(523): yii\base\Controller->runAction('send-message', Array)
#11 /Users/liuhongzhen2/gsws/myBlog/vendor/yiisoft/yii2/web/Application.php(102): yii\base\Module->runAction('index/send-mess...', Array)
#12 /Users/liuhongzhen2/gsws/myBlog/vendor/yiisoft/yii2/base/Application.php(380): yii\web\Application->handleRequest(Object(yii\web\Request))
#13 /Users/liuhongzhen2/gsws/myBlog/api/web/index.php(19): yii\base\Application->run()
#14 {main}

Next yii\db\Exception: SQLSTATE[22003]: Numeric value out of range: 1264 Out of range value for column 'valid_time' at row 1
The SQL being executed was: INSERT INTO `t_release_info` (`content`, `weight`, `top`, `valid_time`, `created`, `updated`) VALUES ('111112', 20, 0, 3153558473, 1576741471, 1576741471) in /Users/liuhongzhen2/gsws/myBlog/vendor/yiisoft/yii2/db/Schema.php:636
Stack trace:
#0 /Users/liuhongzhen2/gsws/myBlog/vendor/yiisoft/yii2/db/Command.php(856): yii\db\Schema->convertException(Object(PDOException), 'INSERT INTO `t_...')
#1 /Users/liuhongzhen2/gsws/myBlog/vendor/yiisoft/yii2/db/Schema.php(454): yii\db\Command->execute()
#2 /Users/liuhongzhen2/gsws/myBlog/vendor/yiisoft/yii2/db/ActiveRecord.php(494): yii\db\Schema->insert('t_release_info', Array)
#3 /Users/liuhongzhen2/gsws/myBlog/vendor/yiisoft/yii2/db/ActiveRecord.php(461): yii\db\ActiveRecord->insertInternal(NULL)
#4 /Users/liuhongzhen2/gsws/myBlog/vendor/yiisoft/yii2/db/BaseActiveRecord.php(635): yii\db\ActiveRecord->insert(true, NULL)
#5 /Users/liuhongzhen2/gsws/myBlog/common/models/ReleaseInfo.php(74): yii\db\BaseActiveRecord->save()
#6 /Users/liuhongzhen2/gsws/myBlog/api/controllers/IndexController.php(65): app\common\models\ReleaseInfo::insertInfo(Array, '1576817002')
#7 [internal function]: app\api\controllers\IndexController->actionSendMessage()
#8 /Users/liuhongzhen2/gsws/myBlog/vendor/yiisoft/yii2/base/InlineAction.php(57): call_user_func_array(Array, Array)
#9 /Users/liuhongzhen2/gsws/myBlog/vendor/yiisoft/yii2/base/Controller.php(156): yii\base\InlineAction->runWithParams(Array)
#10 /Users/liuhongzhen2/gsws/myBlog/vendor/yiisoft/yii2/base/Module.php(523): yii\base\Controller->runAction('send-message', Array)
#11 /Users/liuhongzhen2/gsws/myBlog/vendor/yiisoft/yii2/web/Application.php(102): yii\base\Module->runAction('index/send-mess...', Array)
#12 /Users/liuhongzhen2/gsws/myBlog/vendor/yiisoft/yii2/base/Application.php(380): yii\web\Application->handleRequest(Object(yii\web\Request))
#13 /Users/liuhongzhen2/gsws/myBlog/api/web/index.php(19): yii\base\Application->run()
#14 {main}
Additional Information:
Array
(
    [0] => 22003
    [1] => 1264
    [2] => Out of range value for column 'valid_time' at row 1
)

2019-12-19 15:44:31 [127.0.0.1][-][-][info][application] $_GET = [
    'code' => '42XHW'
    'content' => '111112'
]

$_SERVER = [
    'USER' => '_www'
    'HOME' => '/Library/WebServer'
    'HTTP_ACCEPT_LANGUAGE' => 'zh-CN,zh;q=0.9'
    'HTTP_ACCEPT_ENCODING' => 'gzip, deflate'
    'HTTP_ACCEPT' => 'text/html,application/xhtml+xml,application/xml;q=0.9,image/webp,image/apng,*/*;q=0.8,application/signed-exchange;v=b3;q=0.9'
    'HTTP_USER_AGENT' => 'Mozilla/5.0 (Macintosh; Intel Mac OS X 10_14_3) AppleWebKit/537.36 (KHTML, like Gecko) Chrome/79.0.3945.79 Safari/537.36'
    'HTTP_UPGRADE_INSECURE_REQUESTS' => '1'
    'HTTP_CACHE_CONTROL' => 'max-age=0'
    'HTTP_CONNECTION' => 'keep-alive'
    'HTTP_HOST' => 'lhz.api.myblog.com'
    'APPLICATION_ENV' => 'local'
    'SCRIPT_FILENAME' => '/Users/liuhongzhen2/gsws/myBlog/api/web/index.php'
    'REDIRECT_STATUS' => '200'
    'SERVER_NAME' => 'lhz.api.myblog.com'
    'SERVER_PORT' => '80'
    'SERVER_ADDR' => '127.0.0.1'
    'REMOTE_PORT' => '64980'
    'REMOTE_ADDR' => '127.0.0.1'
    'SERVER_SOFTWARE' => 'nginx/1.15.9'
    'GATEWAY_INTERFACE' => 'CGI/1.1'
    'REQUEST_SCHEME' => 'http'
    'SERVER_PROTOCOL' => 'HTTP/1.1'
    'DOCUMENT_ROOT' => '/Users/liuhongzhen2/gsws/myBlog/api/web'
    'DOCUMENT_URI' => '/index.php'
    'REQUEST_URI' => '/index/send-message?code=42XHW&content=111112'
    'SCRIPT_NAME' => '/index.php'
    'CONTENT_LENGTH' => ''
    'CONTENT_TYPE' => ''
    'REQUEST_METHOD' => 'GET'
    'QUERY_STRING' => 'code=42XHW&content=111112'
    'FCGI_ROLE' => 'RESPONDER'
    'PHP_SELF' => '/index.php'
    'REQUEST_TIME_FLOAT' => 1576741471.3458
    'REQUEST_TIME' => 1576741471
]
2019-12-19 15:45:26 [127.0.0.1][-][-][error][yii\db\Exception] PDOException: SQLSTATE[22003]: Numeric value out of range: 1264 Out of range value for column 'valid_time' at row 1 in /Users/liuhongzhen2/gsws/myBlog/vendor/yiisoft/yii2/db/Command.php:846
Stack trace:
#0 /Users/liuhongzhen2/gsws/myBlog/vendor/yiisoft/yii2/db/Command.php(846): PDOStatement->execute()
#1 /Users/liuhongzhen2/gsws/myBlog/vendor/yiisoft/yii2/db/Schema.php(454): yii\db\Command->execute()
#2 /Users/liuhongzhen2/gsws/myBlog/vendor/yiisoft/yii2/db/ActiveRecord.php(494): yii\db\Schema->insert('t_release_info', Array)
#3 /Users/liuhongzhen2/gsws/myBlog/vendor/yiisoft/yii2/db/ActiveRecord.php(461): yii\db\ActiveRecord->insertInternal(NULL)
#4 /Users/liuhongzhen2/gsws/myBlog/vendor/yiisoft/yii2/db/BaseActiveRecord.php(635): yii\db\ActiveRecord->insert(true, NULL)
#5 /Users/liuhongzhen2/gsws/myBlog/common/models/ReleaseInfo.php(74): yii\db\BaseActiveRecord->save()
#6 /Users/liuhongzhen2/gsws/myBlog/api/controllers/IndexController.php(65): app\common\models\ReleaseInfo::insertInfo(Array, '1576817002')
#7 [internal function]: app\api\controllers\IndexController->actionSendMessage()
#8 /Users/liuhongzhen2/gsws/myBlog/vendor/yiisoft/yii2/base/InlineAction.php(57): call_user_func_array(Array, Array)
#9 /Users/liuhongzhen2/gsws/myBlog/vendor/yiisoft/yii2/base/Controller.php(156): yii\base\InlineAction->runWithParams(Array)
#10 /Users/liuhongzhen2/gsws/myBlog/vendor/yiisoft/yii2/base/Module.php(523): yii\base\Controller->runAction('send-message', Array)
#11 /Users/liuhongzhen2/gsws/myBlog/vendor/yiisoft/yii2/web/Application.php(102): yii\base\Module->runAction('index/send-mess...', Array)
#12 /Users/liuhongzhen2/gsws/myBlog/vendor/yiisoft/yii2/base/Application.php(380): yii\web\Application->handleRequest(Object(yii\web\Request))
#13 /Users/liuhongzhen2/gsws/myBlog/api/web/index.php(19): yii\base\Application->run()
#14 {main}

Next yii\db\Exception: SQLSTATE[22003]: Numeric value out of range: 1264 Out of range value for column 'valid_time' at row 1
The SQL being executed was: INSERT INTO `t_release_info` (`content`, `weight`, `top`, `valid_time`, `created`, `updated`) VALUES ('111112', 20, 0, 3153558528, 1576741526, 1576741526) in /Users/liuhongzhen2/gsws/myBlog/vendor/yiisoft/yii2/db/Schema.php:636
Stack trace:
#0 /Users/liuhongzhen2/gsws/myBlog/vendor/yiisoft/yii2/db/Command.php(856): yii\db\Schema->convertException(Object(PDOException), 'INSERT INTO `t_...')
#1 /Users/liuhongzhen2/gsws/myBlog/vendor/yiisoft/yii2/db/Schema.php(454): yii\db\Command->execute()
#2 /Users/liuhongzhen2/gsws/myBlog/vendor/yiisoft/yii2/db/ActiveRecord.php(494): yii\db\Schema->insert('t_release_info', Array)
#3 /Users/liuhongzhen2/gsws/myBlog/vendor/yiisoft/yii2/db/ActiveRecord.php(461): yii\db\ActiveRecord->insertInternal(NULL)
#4 /Users/liuhongzhen2/gsws/myBlog/vendor/yiisoft/yii2/db/BaseActiveRecord.php(635): yii\db\ActiveRecord->insert(true, NULL)
#5 /Users/liuhongzhen2/gsws/myBlog/common/models/ReleaseInfo.php(74): yii\db\BaseActiveRecord->save()
#6 /Users/liuhongzhen2/gsws/myBlog/api/controllers/IndexController.php(65): app\common\models\ReleaseInfo::insertInfo(Array, '1576817002')
#7 [internal function]: app\api\controllers\IndexController->actionSendMessage()
#8 /Users/liuhongzhen2/gsws/myBlog/vendor/yiisoft/yii2/base/InlineAction.php(57): call_user_func_array(Array, Array)
#9 /Users/liuhongzhen2/gsws/myBlog/vendor/yiisoft/yii2/base/Controller.php(156): yii\base\InlineAction->runWithParams(Array)
#10 /Users/liuhongzhen2/gsws/myBlog/vendor/yiisoft/yii2/base/Module.php(523): yii\base\Controller->runAction('send-message', Array)
#11 /Users/liuhongzhen2/gsws/myBlog/vendor/yiisoft/yii2/web/Application.php(102): yii\base\Module->runAction('index/send-mess...', Array)
#12 /Users/liuhongzhen2/gsws/myBlog/vendor/yiisoft/yii2/base/Application.php(380): yii\web\Application->handleRequest(Object(yii\web\Request))
#13 /Users/liuhongzhen2/gsws/myBlog/api/web/index.php(19): yii\base\Application->run()
#14 {main}
Additional Information:
Array
(
    [0] => 22003
    [1] => 1264
    [2] => Out of range value for column 'valid_time' at row 1
)

2019-12-19 15:45:26 [127.0.0.1][-][-][info][application] $_GET = [
    'code' => '42XHW'
    'content' => '111112'
]

$_SERVER = [
    'USER' => '_www'
    'HOME' => '/Library/WebServer'
    'HTTP_ACCEPT_LANGUAGE' => 'zh-CN,zh;q=0.9'
    'HTTP_ACCEPT_ENCODING' => 'gzip, deflate'
    'HTTP_ACCEPT' => 'text/html,application/xhtml+xml,application/xml;q=0.9,image/webp,image/apng,*/*;q=0.8,application/signed-exchange;v=b3;q=0.9'
    'HTTP_USER_AGENT' => 'Mozilla/5.0 (Macintosh; Intel Mac OS X 10_14_3) AppleWebKit/537.36 (KHTML, like Gecko) Chrome/79.0.3945.79 Safari/537.36'
    'HTTP_UPGRADE_INSECURE_REQUESTS' => '1'
    'HTTP_CACHE_CONTROL' => 'max-age=0'
    'HTTP_CONNECTION' => 'keep-alive'
    'HTTP_HOST' => 'lhz.api.myblog.com'
    'APPLICATION_ENV' => 'local'
    'SCRIPT_FILENAME' => '/Users/liuhongzhen2/gsws/myBlog/api/web/index.php'
    'REDIRECT_STATUS' => '200'
    'SERVER_NAME' => 'lhz.api.myblog.com'
    'SERVER_PORT' => '80'
    'SERVER_ADDR' => '127.0.0.1'
    'REMOTE_PORT' => '64980'
    'REMOTE_ADDR' => '127.0.0.1'
    'SERVER_SOFTWARE' => 'nginx/1.15.9'
    'GATEWAY_INTERFACE' => 'CGI/1.1'
    'REQUEST_SCHEME' => 'http'
    'SERVER_PROTOCOL' => 'HTTP/1.1'
    'DOCUMENT_ROOT' => '/Users/liuhongzhen2/gsws/myBlog/api/web'
    'DOCUMENT_URI' => '/index.php'
    'REQUEST_URI' => '/index/send-message?code=42XHW&content=111112'
    'SCRIPT_NAME' => '/index.php'
    'CONTENT_LENGTH' => ''
    'CONTENT_TYPE' => ''
    'REQUEST_METHOD' => 'GET'
    'QUERY_STRING' => 'code=42XHW&content=111112'
    'FCGI_ROLE' => 'RESPONDER'
    'PHP_SELF' => '/index.php'
    'REQUEST_TIME_FLOAT' => 1576741526.8278
    'REQUEST_TIME' => 1576741526
]
2019-12-19 15:45:29 [127.0.0.1][-][-][error][yii\db\Exception] PDOException: SQLSTATE[22003]: Numeric value out of range: 1264 Out of range value for column 'valid_time' at row 1 in /Users/liuhongzhen2/gsws/myBlog/vendor/yiisoft/yii2/db/Command.php:846
Stack trace:
#0 /Users/liuhongzhen2/gsws/myBlog/vendor/yiisoft/yii2/db/Command.php(846): PDOStatement->execute()
#1 /Users/liuhongzhen2/gsws/myBlog/vendor/yiisoft/yii2/db/Schema.php(454): yii\db\Command->execute()
#2 /Users/liuhongzhen2/gsws/myBlog/vendor/yiisoft/yii2/db/ActiveRecord.php(494): yii\db\Schema->insert('t_release_info', Array)
#3 /Users/liuhongzhen2/gsws/myBlog/vendor/yiisoft/yii2/db/ActiveRecord.php(461): yii\db\ActiveRecord->insertInternal(NULL)
#4 /Users/liuhongzhen2/gsws/myBlog/vendor/yiisoft/yii2/db/BaseActiveRecord.php(635): yii\db\ActiveRecord->insert(true, NULL)
#5 /Users/liuhongzhen2/gsws/myBlog/common/models/ReleaseInfo.php(74): yii\db\BaseActiveRecord->save()
#6 /Users/liuhongzhen2/gsws/myBlog/api/controllers/IndexController.php(65): app\common\models\ReleaseInfo::insertInfo(Array, '1576817002')
#7 [internal function]: app\api\controllers\IndexController->actionSendMessage()
#8 /Users/liuhongzhen2/gsws/myBlog/vendor/yiisoft/yii2/base/InlineAction.php(57): call_user_func_array(Array, Array)
#9 /Users/liuhongzhen2/gsws/myBlog/vendor/yiisoft/yii2/base/Controller.php(156): yii\base\InlineAction->runWithParams(Array)
#10 /Users/liuhongzhen2/gsws/myBlog/vendor/yiisoft/yii2/base/Module.php(523): yii\base\Controller->runAction('send-message', Array)
#11 /Users/liuhongzhen2/gsws/myBlog/vendor/yiisoft/yii2/web/Application.php(102): yii\base\Module->runAction('index/send-mess...', Array)
#12 /Users/liuhongzhen2/gsws/myBlog/vendor/yiisoft/yii2/base/Application.php(380): yii\web\Application->handleRequest(Object(yii\web\Request))
#13 /Users/liuhongzhen2/gsws/myBlog/api/web/index.php(19): yii\base\Application->run()
#14 {main}

Next yii\db\Exception: SQLSTATE[22003]: Numeric value out of range: 1264 Out of range value for column 'valid_time' at row 1
The SQL being executed was: INSERT INTO `t_release_info` (`content`, `weight`, `top`, `valid_time`, `created`, `updated`) VALUES ('111112', 20, 0, 3153558531, 1576741529, 1576741529) in /Users/liuhongzhen2/gsws/myBlog/vendor/yiisoft/yii2/db/Schema.php:636
Stack trace:
#0 /Users/liuhongzhen2/gsws/myBlog/vendor/yiisoft/yii2/db/Command.php(856): yii\db\Schema->convertException(Object(PDOException), 'INSERT INTO `t_...')
#1 /Users/liuhongzhen2/gsws/myBlog/vendor/yiisoft/yii2/db/Schema.php(454): yii\db\Command->execute()
#2 /Users/liuhongzhen2/gsws/myBlog/vendor/yiisoft/yii2/db/ActiveRecord.php(494): yii\db\Schema->insert('t_release_info', Array)
#3 /Users/liuhongzhen2/gsws/myBlog/vendor/yiisoft/yii2/db/ActiveRecord.php(461): yii\db\ActiveRecord->insertInternal(NULL)
#4 /Users/liuhongzhen2/gsws/myBlog/vendor/yiisoft/yii2/db/BaseActiveRecord.php(635): yii\db\ActiveRecord->insert(true, NULL)
#5 /Users/liuhongzhen2/gsws/myBlog/common/models/ReleaseInfo.php(74): yii\db\BaseActiveRecord->save()
#6 /Users/liuhongzhen2/gsws/myBlog/api/controllers/IndexController.php(65): app\common\models\ReleaseInfo::insertInfo(Array, '1576817002')
#7 [internal function]: app\api\controllers\IndexController->actionSendMessage()
#8 /Users/liuhongzhen2/gsws/myBlog/vendor/yiisoft/yii2/base/InlineAction.php(57): call_user_func_array(Array, Array)
#9 /Users/liuhongzhen2/gsws/myBlog/vendor/yiisoft/yii2/base/Controller.php(156): yii\base\InlineAction->runWithParams(Array)
#10 /Users/liuhongzhen2/gsws/myBlog/vendor/yiisoft/yii2/base/Module.php(523): yii\base\Controller->runAction('send-message', Array)
#11 /Users/liuhongzhen2/gsws/myBlog/vendor/yiisoft/yii2/web/Application.php(102): yii\base\Module->runAction('index/send-mess...', Array)
#12 /Users/liuhongzhen2/gsws/myBlog/vendor/yiisoft/yii2/base/Application.php(380): yii\web\Application->handleRequest(Object(yii\web\Request))
#13 /Users/liuhongzhen2/gsws/myBlog/api/web/index.php(19): yii\base\Application->run()
#14 {main}
Additional Information:
Array
(
    [0] => 22003
    [1] => 1264
    [2] => Out of range value for column 'valid_time' at row 1
)

2019-12-19 15:45:29 [127.0.0.1][-][-][info][application] $_GET = [
    'code' => '42XHW'
    'content' => '111112'
]

$_SERVER = [
    'USER' => '_www'
    'HOME' => '/Library/WebServer'
    'HTTP_ACCEPT_LANGUAGE' => 'zh-CN,zh;q=0.9'
    'HTTP_ACCEPT_ENCODING' => 'gzip, deflate'
    'HTTP_ACCEPT' => 'text/html,application/xhtml+xml,application/xml;q=0.9,image/webp,image/apng,*/*;q=0.8,application/signed-exchange;v=b3;q=0.9'
    'HTTP_USER_AGENT' => 'Mozilla/5.0 (Macintosh; Intel Mac OS X 10_14_3) AppleWebKit/537.36 (KHTML, like Gecko) Chrome/79.0.3945.79 Safari/537.36'
    'HTTP_UPGRADE_INSECURE_REQUESTS' => '1'
    'HTTP_CACHE_CONTROL' => 'max-age=0'
    'HTTP_CONNECTION' => 'keep-alive'
    'HTTP_HOST' => 'lhz.api.myblog.com'
    'APPLICATION_ENV' => 'local'
    'SCRIPT_FILENAME' => '/Users/liuhongzhen2/gsws/myBlog/api/web/index.php'
    'REDIRECT_STATUS' => '200'
    'SERVER_NAME' => 'lhz.api.myblog.com'
    'SERVER_PORT' => '80'
    'SERVER_ADDR' => '127.0.0.1'
    'REMOTE_PORT' => '64980'
    'REMOTE_ADDR' => '127.0.0.1'
    'SERVER_SOFTWARE' => 'nginx/1.15.9'
    'GATEWAY_INTERFACE' => 'CGI/1.1'
    'REQUEST_SCHEME' => 'http'
    'SERVER_PROTOCOL' => 'HTTP/1.1'
    'DOCUMENT_ROOT' => '/Users/liuhongzhen2/gsws/myBlog/api/web'
    'DOCUMENT_URI' => '/index.php'
    'REQUEST_URI' => '/index/send-message?code=42XHW&content=111112'
    'SCRIPT_NAME' => '/index.php'
    'CONTENT_LENGTH' => ''
    'CONTENT_TYPE' => ''
    'REQUEST_METHOD' => 'GET'
    'QUERY_STRING' => 'code=42XHW&content=111112'
    'FCGI_ROLE' => 'RESPONDER'
    'PHP_SELF' => '/index.php'
    'REQUEST_TIME_FLOAT' => 1576741529.2106
    'REQUEST_TIME' => 1576741529
]
2019-12-19 15:45:29 [127.0.0.1][-][-][error][yii\db\Exception] PDOException: SQLSTATE[22003]: Numeric value out of range: 1264 Out of range value for column 'valid_time' at row 1 in /Users/liuhongzhen2/gsws/myBlog/vendor/yiisoft/yii2/db/Command.php:846
Stack trace:
#0 /Users/liuhongzhen2/gsws/myBlog/vendor/yiisoft/yii2/db/Command.php(846): PDOStatement->execute()
#1 /Users/liuhongzhen2/gsws/myBlog/vendor/yiisoft/yii2/db/Schema.php(454): yii\db\Command->execute()
#2 /Users/liuhongzhen2/gsws/myBlog/vendor/yiisoft/yii2/db/ActiveRecord.php(494): yii\db\Schema->insert('t_release_info', Array)
#3 /Users/liuhongzhen2/gsws/myBlog/vendor/yiisoft/yii2/db/ActiveRecord.php(461): yii\db\ActiveRecord->insertInternal(NULL)
#4 /Users/liuhongzhen2/gsws/myBlog/vendor/yiisoft/yii2/db/BaseActiveRecord.php(635): yii\db\ActiveRecord->insert(true, NULL)
#5 /Users/liuhongzhen2/gsws/myBlog/common/models/ReleaseInfo.php(74): yii\db\BaseActiveRecord->save()
#6 /Users/liuhongzhen2/gsws/myBlog/api/controllers/IndexController.php(65): app\common\models\ReleaseInfo::insertInfo(Array, '1576817002')
#7 [internal function]: app\api\controllers\IndexController->actionSendMessage()
#8 /Users/liuhongzhen2/gsws/myBlog/vendor/yiisoft/yii2/base/InlineAction.php(57): call_user_func_array(Array, Array)
#9 /Users/liuhongzhen2/gsws/myBlog/vendor/yiisoft/yii2/base/Controller.php(156): yii\base\InlineAction->runWithParams(Array)
#10 /Users/liuhongzhen2/gsws/myBlog/vendor/yiisoft/yii2/base/Module.php(523): yii\base\Controller->runAction('send-message', Array)
#11 /Users/liuhongzhen2/gsws/myBlog/vendor/yiisoft/yii2/web/Application.php(102): yii\base\Module->runAction('index/send-mess...', Array)
#12 /Users/liuhongzhen2/gsws/myBlog/vendor/yiisoft/yii2/base/Application.php(380): yii\web\Application->handleRequest(Object(yii\web\Request))
#13 /Users/liuhongzhen2/gsws/myBlog/api/web/index.php(19): yii\base\Application->run()
#14 {main}

Next yii\db\Exception: SQLSTATE[22003]: Numeric value out of range: 1264 Out of range value for column 'valid_time' at row 1
The SQL being executed was: INSERT INTO `t_release_info` (`content`, `weight`, `top`, `valid_time`, `created`, `updated`) VALUES ('111112', 20, 0, 3153558531, 1576741529, 1576741529) in /Users/liuhongzhen2/gsws/myBlog/vendor/yiisoft/yii2/db/Schema.php:636
Stack trace:
#0 /Users/liuhongzhen2/gsws/myBlog/vendor/yiisoft/yii2/db/Command.php(856): yii\db\Schema->convertException(Object(PDOException), 'INSERT INTO `t_...')
#1 /Users/liuhongzhen2/gsws/myBlog/vendor/yiisoft/yii2/db/Schema.php(454): yii\db\Command->execute()
#2 /Users/liuhongzhen2/gsws/myBlog/vendor/yiisoft/yii2/db/ActiveRecord.php(494): yii\db\Schema->insert('t_release_info', Array)
#3 /Users/liuhongzhen2/gsws/myBlog/vendor/yiisoft/yii2/db/ActiveRecord.php(461): yii\db\ActiveRecord->insertInternal(NULL)
#4 /Users/liuhongzhen2/gsws/myBlog/vendor/yiisoft/yii2/db/BaseActiveRecord.php(635): yii\db\ActiveRecord->insert(true, NULL)
#5 /Users/liuhongzhen2/gsws/myBlog/common/models/ReleaseInfo.php(74): yii\db\BaseActiveRecord->save()
#6 /Users/liuhongzhen2/gsws/myBlog/api/controllers/IndexController.php(65): app\common\models\ReleaseInfo::insertInfo(Array, '1576817002')
#7 [internal function]: app\api\controllers\IndexController->actionSendMessage()
#8 /Users/liuhongzhen2/gsws/myBlog/vendor/yiisoft/yii2/base/InlineAction.php(57): call_user_func_array(Array, Array)
#9 /Users/liuhongzhen2/gsws/myBlog/vendor/yiisoft/yii2/base/Controller.php(156): yii\base\InlineAction->runWithParams(Array)
#10 /Users/liuhongzhen2/gsws/myBlog/vendor/yiisoft/yii2/base/Module.php(523): yii\base\Controller->runAction('send-message', Array)
#11 /Users/liuhongzhen2/gsws/myBlog/vendor/yiisoft/yii2/web/Application.php(102): yii\base\Module->runAction('index/send-mess...', Array)
#12 /Users/liuhongzhen2/gsws/myBlog/vendor/yiisoft/yii2/base/Application.php(380): yii\web\Application->handleRequest(Object(yii\web\Request))
#13 /Users/liuhongzhen2/gsws/myBlog/api/web/index.php(19): yii\base\Application->run()
#14 {main}
Additional Information:
Array
(
    [0] => 22003
    [1] => 1264
    [2] => Out of range value for column 'valid_time' at row 1
)

2019-12-19 15:45:29 [127.0.0.1][-][-][info][application] $_GET = [
    'code' => '42XHW'
    'content' => '111112'
]

$_SERVER = [
    'USER' => '_www'
    'HOME' => '/Library/WebServer'
    'HTTP_ACCEPT_LANGUAGE' => 'zh-CN,zh;q=0.9'
    'HTTP_ACCEPT_ENCODING' => 'gzip, deflate'
    'HTTP_ACCEPT' => 'text/html,application/xhtml+xml,application/xml;q=0.9,image/webp,image/apng,*/*;q=0.8,application/signed-exchange;v=b3;q=0.9'
    'HTTP_USER_AGENT' => 'Mozilla/5.0 (Macintosh; Intel Mac OS X 10_14_3) AppleWebKit/537.36 (KHTML, like Gecko) Chrome/79.0.3945.79 Safari/537.36'
    'HTTP_UPGRADE_INSECURE_REQUESTS' => '1'
    'HTTP_CACHE_CONTROL' => 'max-age=0'
    'HTTP_CONNECTION' => 'keep-alive'
    'HTTP_HOST' => 'lhz.api.myblog.com'
    'APPLICATION_ENV' => 'local'
    'SCRIPT_FILENAME' => '/Users/liuhongzhen2/gsws/myBlog/api/web/index.php'
    'REDIRECT_STATUS' => '200'
    'SERVER_NAME' => 'lhz.api.myblog.com'
    'SERVER_PORT' => '80'
    'SERVER_ADDR' => '127.0.0.1'
    'REMOTE_PORT' => '64980'
    'REMOTE_ADDR' => '127.0.0.1'
    'SERVER_SOFTWARE' => 'nginx/1.15.9'
    'GATEWAY_INTERFACE' => 'CGI/1.1'
    'REQUEST_SCHEME' => 'http'
    'SERVER_PROTOCOL' => 'HTTP/1.1'
    'DOCUMENT_ROOT' => '/Users/liuhongzhen2/gsws/myBlog/api/web'
    'DOCUMENT_URI' => '/index.php'
    'REQUEST_URI' => '/index/send-message?code=42XHW&content=111112'
    'SCRIPT_NAME' => '/index.php'
    'CONTENT_LENGTH' => ''
    'CONTENT_TYPE' => ''
    'REQUEST_METHOD' => 'GET'
    'QUERY_STRING' => 'code=42XHW&content=111112'
    'FCGI_ROLE' => 'RESPONDER'
    'PHP_SELF' => '/index.php'
    'REQUEST_TIME_FLOAT' => 1576741529.4751
    'REQUEST_TIME' => 1576741529
]
2019-12-19 15:45:30 [127.0.0.1][-][-][error][yii\db\Exception] PDOException: SQLSTATE[22003]: Numeric value out of range: 1264 Out of range value for column 'valid_time' at row 1 in /Users/liuhongzhen2/gsws/myBlog/vendor/yiisoft/yii2/db/Command.php:846
Stack trace:
#0 /Users/liuhongzhen2/gsws/myBlog/vendor/yiisoft/yii2/db/Command.php(846): PDOStatement->execute()
#1 /Users/liuhongzhen2/gsws/myBlog/vendor/yiisoft/yii2/db/Schema.php(454): yii\db\Command->execute()
#2 /Users/liuhongzhen2/gsws/myBlog/vendor/yiisoft/yii2/db/ActiveRecord.php(494): yii\db\Schema->insert('t_release_info', Array)
#3 /Users/liuhongzhen2/gsws/myBlog/vendor/yiisoft/yii2/db/ActiveRecord.php(461): yii\db\ActiveRecord->insertInternal(NULL)
#4 /Users/liuhongzhen2/gsws/myBlog/vendor/yiisoft/yii2/db/BaseActiveRecord.php(635): yii\db\ActiveRecord->insert(true, NULL)
#5 /Users/liuhongzhen2/gsws/myBlog/common/models/ReleaseInfo.php(74): yii\db\BaseActiveRecord->save()
#6 /Users/liuhongzhen2/gsws/myBlog/api/controllers/IndexController.php(65): app\common\models\ReleaseInfo::insertInfo(Array, '1576817002')
#7 [internal function]: app\api\controllers\IndexController->actionSendMessage()
#8 /Users/liuhongzhen2/gsws/myBlog/vendor/yiisoft/yii2/base/InlineAction.php(57): call_user_func_array(Array, Array)
#9 /Users/liuhongzhen2/gsws/myBlog/vendor/yiisoft/yii2/base/Controller.php(156): yii\base\InlineAction->runWithParams(Array)
#10 /Users/liuhongzhen2/gsws/myBlog/vendor/yiisoft/yii2/base/Module.php(523): yii\base\Controller->runAction('send-message', Array)
#11 /Users/liuhongzhen2/gsws/myBlog/vendor/yiisoft/yii2/web/Application.php(102): yii\base\Module->runAction('index/send-mess...', Array)
#12 /Users/liuhongzhen2/gsws/myBlog/vendor/yiisoft/yii2/base/Application.php(380): yii\web\Application->handleRequest(Object(yii\web\Request))
#13 /Users/liuhongzhen2/gsws/myBlog/api/web/index.php(19): yii\base\Application->run()
#14 {main}

Next yii\db\Exception: SQLSTATE[22003]: Numeric value out of range: 1264 Out of range value for column 'valid_time' at row 1
The SQL being executed was: INSERT INTO `t_release_info` (`content`, `weight`, `top`, `valid_time`, `created`, `updated`) VALUES ('111112', 20, 0, 3153558532, 1576741530, 1576741530) in /Users/liuhongzhen2/gsws/myBlog/vendor/yiisoft/yii2/db/Schema.php:636
Stack trace:
#0 /Users/liuhongzhen2/gsws/myBlog/vendor/yiisoft/yii2/db/Command.php(856): yii\db\Schema->convertException(Object(PDOException), 'INSERT INTO `t_...')
#1 /Users/liuhongzhen2/gsws/myBlog/vendor/yiisoft/yii2/db/Schema.php(454): yii\db\Command->execute()
#2 /Users/liuhongzhen2/gsws/myBlog/vendor/yiisoft/yii2/db/ActiveRecord.php(494): yii\db\Schema->insert('t_release_info', Array)
#3 /Users/liuhongzhen2/gsws/myBlog/vendor/yiisoft/yii2/db/ActiveRecord.php(461): yii\db\ActiveRecord->insertInternal(NULL)
#4 /Users/liuhongzhen2/gsws/myBlog/vendor/yiisoft/yii2/db/BaseActiveRecord.php(635): yii\db\ActiveRecord->insert(true, NULL)
#5 /Users/liuhongzhen2/gsws/myBlog/common/models/ReleaseInfo.php(74): yii\db\BaseActiveRecord->save()
#6 /Users/liuhongzhen2/gsws/myBlog/api/controllers/IndexController.php(65): app\common\models\ReleaseInfo::insertInfo(Array, '1576817002')
#7 [internal function]: app\api\controllers\IndexController->actionSendMessage()
#8 /Users/liuhongzhen2/gsws/myBlog/vendor/yiisoft/yii2/base/InlineAction.php(57): call_user_func_array(Array, Array)
#9 /Users/liuhongzhen2/gsws/myBlog/vendor/yiisoft/yii2/base/Controller.php(156): yii\base\InlineAction->runWithParams(Array)
#10 /Users/liuhongzhen2/gsws/myBlog/vendor/yiisoft/yii2/base/Module.php(523): yii\base\Controller->runAction('send-message', Array)
#11 /Users/liuhongzhen2/gsws/myBlog/vendor/yiisoft/yii2/web/Application.php(102): yii\base\Module->runAction('index/send-mess...', Array)
#12 /Users/liuhongzhen2/gsws/myBlog/vendor/yiisoft/yii2/base/Application.php(380): yii\web\Application->handleRequest(Object(yii\web\Request))
#13 /Users/liuhongzhen2/gsws/myBlog/api/web/index.php(19): yii\base\Application->run()
#14 {main}
Additional Information:
Array
(
    [0] => 22003
    [1] => 1264
    [2] => Out of range value for column 'valid_time' at row 1
)

2019-12-19 15:45:30 [127.0.0.1][-][-][info][application] $_GET = [
    'code' => '42XHW'
    'content' => '111112'
]

$_SERVER = [
    'USER' => '_www'
    'HOME' => '/Library/WebServer'
    'HTTP_ACCEPT_LANGUAGE' => 'zh-CN,zh;q=0.9'
    'HTTP_ACCEPT_ENCODING' => 'gzip, deflate'
    'HTTP_ACCEPT' => 'text/html,application/xhtml+xml,application/xml;q=0.9,image/webp,image/apng,*/*;q=0.8,application/signed-exchange;v=b3;q=0.9'
    'HTTP_USER_AGENT' => 'Mozilla/5.0 (Macintosh; Intel Mac OS X 10_14_3) AppleWebKit/537.36 (KHTML, like Gecko) Chrome/79.0.3945.79 Safari/537.36'
    'HTTP_UPGRADE_INSECURE_REQUESTS' => '1'
    'HTTP_CACHE_CONTROL' => 'max-age=0'
    'HTTP_CONNECTION' => 'keep-alive'
    'HTTP_HOST' => 'lhz.api.myblog.com'
    'APPLICATION_ENV' => 'local'
    'SCRIPT_FILENAME' => '/Users/liuhongzhen2/gsws/myBlog/api/web/index.php'
    'REDIRECT_STATUS' => '200'
    'SERVER_NAME' => 'lhz.api.myblog.com'
    'SERVER_PORT' => '80'
    'SERVER_ADDR' => '127.0.0.1'
    'REMOTE_PORT' => '64980'
    'REMOTE_ADDR' => '127.0.0.1'
    'SERVER_SOFTWARE' => 'nginx/1.15.9'
    'GATEWAY_INTERFACE' => 'CGI/1.1'
    'REQUEST_SCHEME' => 'http'
    'SERVER_PROTOCOL' => 'HTTP/1.1'
    'DOCUMENT_ROOT' => '/Users/liuhongzhen2/gsws/myBlog/api/web'
    'DOCUMENT_URI' => '/index.php'
    'REQUEST_URI' => '/index/send-message?code=42XHW&content=111112'
    'SCRIPT_NAME' => '/index.php'
    'CONTENT_LENGTH' => ''
    'CONTENT_TYPE' => ''
    'REQUEST_METHOD' => 'GET'
    'QUERY_STRING' => 'code=42XHW&content=111112'
    'FCGI_ROLE' => 'RESPONDER'
    'PHP_SELF' => '/index.php'
    'REQUEST_TIME_FLOAT' => 1576741530.1588
    'REQUEST_TIME' => 1576741530
]
2019-12-21 21:12:34 [127.0.0.1][-][-][error][yii\db\Exception] PDOException: SQLSTATE[42S22]: Column not found: 1054 Unknown column 'isDelete' in 'where clause' in /Users/liuhongzhen2/gsws/myBlog/vendor/yiisoft/yii2/db/Command.php:902
Stack trace:
#0 /Users/liuhongzhen2/gsws/myBlog/vendor/yiisoft/yii2/db/Command.php(902): PDOStatement->execute()
#1 /Users/liuhongzhen2/gsws/myBlog/vendor/yiisoft/yii2/db/Command.php(376): yii\db\Command->queryInternal('fetch', NULL)
#2 /Users/liuhongzhen2/gsws/myBlog/vendor/yiisoft/yii2/db/Query.php(253): yii\db\Command->queryOne()
#3 /Users/liuhongzhen2/gsws/myBlog/vendor/yiisoft/yii2/db/ActiveQuery.php(295): yii\db\Query->one(NULL)
#4 /Users/liuhongzhen2/gsws/myBlog/common/models/UserInfo.php(20): yii\db\ActiveQuery->one()
#5 /Users/liuhongzhen2/gsws/myBlog/api/controllers/IndexController.php(96): app\common\models\UserInfo::verifyPhone('18515601525')
#6 [internal function]: app\api\controllers\IndexController->actionGetStick()
#7 /Users/liuhongzhen2/gsws/myBlog/vendor/yiisoft/yii2/base/InlineAction.php(57): call_user_func_array(Array, Array)
#8 /Users/liuhongzhen2/gsws/myBlog/vendor/yiisoft/yii2/base/Controller.php(156): yii\base\InlineAction->runWithParams(Array)
#9 /Users/liuhongzhen2/gsws/myBlog/api/controllers/IndexController.php(22): yii\base\Controller->runAction('get-stick', Array)
#10 /Users/liuhongzhen2/gsws/myBlog/vendor/yiisoft/yii2/base/Module.php(523): app\api\controllers\IndexController->runAction('get-stick', Array)
#11 /Users/liuhongzhen2/gsws/myBlog/vendor/yiisoft/yii2/web/Application.php(102): yii\base\Module->runAction('index/get-stick', Array)
#12 /Users/liuhongzhen2/gsws/myBlog/vendor/yiisoft/yii2/base/Application.php(380): yii\web\Application->handleRequest(Object(yii\web\Request))
#13 /Users/liuhongzhen2/gsws/myBlog/api/web/index.php(19): yii\base\Application->run()
#14 {main}

Next yii\db\Exception: SQLSTATE[42S22]: Column not found: 1054 Unknown column 'isDelete' in 'where clause'
The SQL being executed was: SELECT * FROM `t_user` WHERE (isDelete=0) AND (phone="18515601525") in /Users/liuhongzhen2/gsws/myBlog/vendor/yiisoft/yii2/db/Schema.php:636
Stack trace:
#0 /Users/liuhongzhen2/gsws/myBlog/vendor/yiisoft/yii2/db/Command.php(917): yii\db\Schema->convertException(Object(PDOException), 'SELECT * FROM `...')
#1 /Users/liuhongzhen2/gsws/myBlog/vendor/yiisoft/yii2/db/Command.php(376): yii\db\Command->queryInternal('fetch', NULL)
#2 /Users/liuhongzhen2/gsws/myBlog/vendor/yiisoft/yii2/db/Query.php(253): yii\db\Command->queryOne()
#3 /Users/liuhongzhen2/gsws/myBlog/vendor/yiisoft/yii2/db/ActiveQuery.php(295): yii\db\Query->one(NULL)
#4 /Users/liuhongzhen2/gsws/myBlog/common/models/UserInfo.php(20): yii\db\ActiveQuery->one()
#5 /Users/liuhongzhen2/gsws/myBlog/api/controllers/IndexController.php(96): app\common\models\UserInfo::verifyPhone('18515601525')
#6 [internal function]: app\api\controllers\IndexController->actionGetStick()
#7 /Users/liuhongzhen2/gsws/myBlog/vendor/yiisoft/yii2/base/InlineAction.php(57): call_user_func_array(Array, Array)
#8 /Users/liuhongzhen2/gsws/myBlog/vendor/yiisoft/yii2/base/Controller.php(156): yii\base\InlineAction->runWithParams(Array)
#9 /Users/liuhongzhen2/gsws/myBlog/api/controllers/IndexController.php(22): yii\base\Controller->runAction('get-stick', Array)
#10 /Users/liuhongzhen2/gsws/myBlog/vendor/yiisoft/yii2/base/Module.php(523): app\api\controllers\IndexController->runAction('get-stick', Array)
#11 /Users/liuhongzhen2/gsws/myBlog/vendor/yiisoft/yii2/web/Application.php(102): yii\base\Module->runAction('index/get-stick', Array)
#12 /Users/liuhongzhen2/gsws/myBlog/vendor/yiisoft/yii2/base/Application.php(380): yii\web\Application->handleRequest(Object(yii\web\Request))
#13 /Users/liuhongzhen2/gsws/myBlog/api/web/index.php(19): yii\base\Application->run()
#14 {main}
Additional Information:
Array
(
    [0] => 42S22
    [1] => 1054
    [2] => Unknown column 'isDelete' in 'where clause'
)

2019-12-21 21:12:34 [127.0.0.1][-][-][info][application] $_GET = [
    'phone' => '18515601525'
    'time' => '3'
]

$_SERVER = [
    'USER' => '_www'
    'HOME' => '/Library/WebServer'
    'HTTP_ACCEPT_LANGUAGE' => 'zh-CN,zh;q=0.9'
    'HTTP_ACCEPT_ENCODING' => 'gzip, deflate'
    'HTTP_ACCEPT' => 'text/html,application/xhtml+xml,application/xml;q=0.9,image/webp,image/apng,*/*;q=0.8,application/signed-exchange;v=b3;q=0.9'
    'HTTP_USER_AGENT' => 'Mozilla/5.0 (Macintosh; Intel Mac OS X 10_14_3) AppleWebKit/537.36 (KHTML, like Gecko) Chrome/79.0.3945.88 Safari/537.36'
    'HTTP_UPGRADE_INSECURE_REQUESTS' => '1'
    'HTTP_CACHE_CONTROL' => 'max-age=0'
    'HTTP_CONNECTION' => 'keep-alive'
    'HTTP_HOST' => 'lhz.api.myblog.com'
    'APPLICATION_ENV' => 'local'
    'SCRIPT_FILENAME' => '/Users/liuhongzhen2/gsws/myBlog/api/web/index.php'
    'REDIRECT_STATUS' => '200'
    'SERVER_NAME' => 'lhz.api.myblog.com'
    'SERVER_PORT' => '80'
    'SERVER_ADDR' => '127.0.0.1'
    'REMOTE_PORT' => '55161'
    'REMOTE_ADDR' => '127.0.0.1'
    'SERVER_SOFTWARE' => 'nginx/1.15.9'
    'GATEWAY_INTERFACE' => 'CGI/1.1'
    'REQUEST_SCHEME' => 'http'
    'SERVER_PROTOCOL' => 'HTTP/1.1'
    'DOCUMENT_ROOT' => '/Users/liuhongzhen2/gsws/myBlog/api/web'
    'DOCUMENT_URI' => '/index.php'
    'REQUEST_URI' => '/index/get-stick?phone=18515601525&time=3'
    'SCRIPT_NAME' => '/index.php'
    'CONTENT_LENGTH' => ''
    'CONTENT_TYPE' => ''
    'REQUEST_METHOD' => 'GET'
    'QUERY_STRING' => 'phone=18515601525&time=3'
    'FCGI_ROLE' => 'RESPONDER'
    'PHP_SELF' => '/index.php'
    'REQUEST_TIME_FLOAT' => 1576933954.3715
    'REQUEST_TIME' => 1576933954
]
